<?xml version="1.0" encoding="UTF-8"?>
<!-- Generated by org.testng.reporters.JUnitReportReporter -->
<testsuite hostname="DESKTOP-K5FN7OQ" failures="0" tests="1" name="myTestSuite.E2Esearch" time="76.405" errors="0" timestamp="2023-05-08T16:12:40 BDT" skipped="0">
  <testcase classname="myTestSuite.E2Esearch" name="TestCase1" time="76.405"/>
  <system-out/>
</testsuite> <!-- myTestSuite.E2Esearch -->
