<?xml version="1.0" encoding="UTF-8"?>
<!-- Generated by org.testng.reporters.JUnitReportReporter -->
<testsuite hostname="DESKTOP-K5FN7OQ" failures="0" tests="5" name="myTestSuite.Day3" time="0.012" errors="0" timestamp="2023-05-08T16:18:57 BDT" skipped="1">
  <testcase classname="myTestSuite.Day3" name="UrlTest" time="0.003"/>
  <system-out/>
  <testcase classname="myTestSuite.Day3" name="ApiLogin" time="0.002"/>
  <system-out/>
  <testcase classname="myTestSuite.Day3" name="MobileTest" time="0.006"/>
  <system-out/>
  <testcase classname="myTestSuite.Day3" name="LaptopTest" time="0.001"/>
  <system-out/>
  <testcase classname="myTestSuite.Day3" name="AutomationTest">
    <skipped/>
  </testcase> <!-- AutomationTest -->
  <system-out/>
</testsuite> <!-- myTestSuite.Day3 -->
