<?xml version="1.0" encoding="UTF-8"?>
<!-- Generated by org.testng.reporters.JUnitReportReporter -->
<testsuite hostname="DESKTOP-K5FN7OQ" failures="0" tests="1" name="myTestSuite.E2Esearch" time="75.863" errors="0" timestamp="2023-05-03T17:35:59 BDT" skipped="0">
  <testcase classname="myTestSuite.E2Esearch" name="TestCase1" time="75.863"/>
  <system-out/>
</testsuite> <!-- myTestSuite.E2Esearch -->
