<?xml version="1.0" encoding="UTF-8"?>
<!-- Generated by org.testng.reporters.JUnitReportReporter -->
<testsuite hostname="DESKTOP-K5FN7OQ" failures="0" tests="1" name="myTestSuite.Day2" time="0.001" errors="0" timestamp="2023-05-05T17:48:37 BDT" skipped="0">
  <testcase classname="myTestSuite.Day2" name="Train" time="0.001"/>
  <system-out/>
</testsuite> <!-- myTestSuite.Day2 -->
