<?xml version="1.0" encoding="UTF-8"?>
<!-- Generated by org.testng.reporters.JUnitReportReporter -->
<testsuite hostname="DESKTOP-K5FN7OQ" failures="0" tests="2" name="myTestSuite.Day2" time="0.012" errors="0" timestamp="2023-05-08T16:18:57 BDT" skipped="0">
  <testcase classname="myTestSuite.Day2" name="Resort" time="0.008"/>
  <system-out/>
  <testcase classname="myTestSuite.Day2" name="Train" time="0.004"/>
  <system-out/>
</testsuite> <!-- myTestSuite.Day2 -->
