<?xml version="1.0" encoding="UTF-8"?>
<!-- Generated by org.testng.reporters.JUnitReportReporter -->
<testsuite hostname="DESKTOP-K5FN7OQ" failures="0" tests="2" name="myTestSuite.Day1" time="0.006" errors="0" timestamp="2023-05-08T15:48:58 BDT" skipped="0">
  <testcase classname="myTestSuite.Day1" name="Test1" time="0.001"/>
  <system-out/>
  <testcase classname="myTestSuite.Day1" name="GroupTest3" time="0.005"/>
  <system-out/>
</testsuite> <!-- myTestSuite.Day1 -->
