<?xml version="1.0" encoding="UTF-8"?>
<!-- Generated by org.testng.reporters.JUnitReportReporter -->
<testsuite hostname="DESKTOP-K5FN7OQ" failures="0" tests="1" name="myTestSuite.E2Esearch" time="11.046" errors="0" timestamp="2023-09-21T12:00:00 BDT" skipped="0">
  <testcase classname="myTestSuite.E2Esearch" name="TestCase1" time="11.046"/>
  <system-out/>
</testsuite> <!-- myTestSuite.E2Esearch -->
