<?xml version="1.0" encoding="UTF-8"?>
<!-- Generated by org.testng.reporters.JUnitReportReporter -->
<testsuite hostname="DESKTOP-K5FN7OQ" failures="0" tests="1" name="myTestSuite.Day1" time="0.007" errors="0" timestamp="2023-05-05T17:48:37 BDT" skipped="0">
  <testcase classname="myTestSuite.Day1" name="GroupTest3" time="0.007"/>
  <system-out/>
</testsuite> <!-- myTestSuite.Day1 -->
