<?xml version="1.0" encoding="UTF-8"?>
<!-- Generated by org.testng.reporters.JUnitReportReporter -->
<testsuite hostname="DESKTOP-K5FN7OQ" failures="0" tests="1" name="TestSuite1" time="0.009" errors="0" timestamp="2023-05-03T11:53:07 BDT" skipped="0">
  <testcase classname="TestSuite1" name="TestCase1" time="0.009"/>
  <system-out/>
</testsuite> <!-- TestSuite1 -->
