<?xml version="1.0" encoding="UTF-8"?>
<!-- Generated by org.testng.reporters.JUnitReportReporter -->
<testsuite hostname="DESKTOP-K5FN7OQ" failures="0" tests="1" name="myTestSuite.Assignment" time="21.767" errors="0" timestamp="2023-05-05T13:17:51 BDT" skipped="0">
  <testcase classname="myTestSuite.Assignment" name="AmazonSearch" time="21.767"/>
  <system-out/>
</testsuite> <!-- myTestSuite.Assignment -->
