<?xml version="1.0" encoding="UTF-8"?>
<!-- Generated by org.testng.reporters.JUnitReportReporter -->
<testsuite hostname="DESKTOP-K5FN7OQ" failures="0" tests="4" name="myTestSuite.NavList" time="0.009" errors="0" timestamp="2023-05-03T16:32:09 BDT" skipped="0">
  <testcase classname="myTestSuite.NavList" name="Hotel" time="0.001"/>
  <system-out/>
  <testcase classname="myTestSuite.NavList" name="HotelBooking" time="0.005"/>
  <system-out/>
  <testcase classname="myTestSuite.NavList" name="Train" time="0.001"/>
  <system-out/>
  <testcase classname="myTestSuite.NavList" name="Flight" time="0.002"/>
  <system-out/>
</testsuite> <!-- myTestSuite.NavList -->
